<?xml version="1.0" encoding="UTF-8"?>
<!-- Generated by org.testng.reporters.JUnitReportReporter -->
<testsuite skipped="0" hostname="Shivaji" name="Selenium.AssertionTest" tests="1" failures="0" timestamp="2022-04-30T20:47:59 IST" time="26.404" errors="0">
  <testcase name="Assertion" time="26.404" classname="Selenium.AssertionTest"/>
  <system-out/>
</testsuite> <!-- Selenium.AssertionTest -->
