<?xml version="1.0" encoding="UTF-8"?>
<!-- Generated by org.testng.reporters.JUnitReportReporter -->
<testsuite skipped="0" hostname="Shivaji" name="Selenium.ScreenShot" tests="2" failures="0" timestamp="2022-05-06T18:32:44 IST" time="29.117" errors="0">
  <testcase name="testScreenShot2" time="18.082" classname="Selenium.ScreenShot"/>
  <system-out/>
  <testcase name="testScreenShot" time="11.035" classname="Selenium.ScreenShot"/>
  <system-out/>
</testsuite> <!-- Selenium.ScreenShot -->
