<?xml version="1.0" encoding="UTF-8"?>
<!-- Generated by org.testng.reporters.JUnitReportReporter -->
<testsuite skipped="1" hostname="Shivaji" name="Selenium.TestNG" tests="3" failures="0" timestamp="2022-04-30T21:24:19 IST" time="0.013" errors="0">
  <testcase name="Test2" time="0.003" classname="Selenium.TestNG"/>
  <system-out/>
  <testcase name="Test1" time="0.010" classname="Selenium.TestNG"/>
  <system-out/>
  <testcase name="Test3" classname="Selenium.TestNG">
    <skipped/>
  </testcase> <!-- Test3 -->
  <system-out/>
</testsuite> <!-- Selenium.TestNG -->
