<?xml version="1.0" encoding="UTF-8"?>
<!-- Generated by org.testng.reporters.JUnitReportReporter -->
<testsuite skipped="0" hostname="Shivaji" name="Selenium.TestNG1" tests="3" failures="0" timestamp="2022-05-08T16:41:37 IST" time="0.016" errors="0">
  <testcase name="Test1" time="0.002" classname="Selenium.TestNG1"/>
  <system-out/>
  <testcase name="Test3" time="0.013" classname="Selenium.TestNG1"/>
  <system-out/>
  <testcase name="Test2" time="0.001" classname="Selenium.TestNG1"/>
  <system-out/>
</testsuite> <!-- Selenium.TestNG1 -->
