<?xml version="1.0" encoding="UTF-8"?>
<!-- Generated by org.testng.reporters.JUnitReportReporter -->
<testsuite skipped="0" hostname="Shivaji" name="Selenium.InvocationTest" tests="8" failures="0" timestamp="2022-04-30T21:09:24 IST" time="0.018" errors="0">
  <testcase name="invocation" time="0.000" classname="Selenium.InvocationTest"/>
  <system-out/>
  <testcase name="invocation" time="0.001" classname="Selenium.InvocationTest"/>
  <system-out/>
  <testcase name="invocation" time="0.001" classname="Selenium.InvocationTest"/>
  <system-out/>
  <testcase name="invocation" time="0.011" classname="Selenium.InvocationTest"/>
  <system-out/>
  <testcase name="invocation" time="0.001" classname="Selenium.InvocationTest"/>
  <system-out/>
  <testcase name="Test1" time="0.001" classname="Selenium.InvocationTest"/>
  <system-out/>
  <testcase name="Test2" time="0.001" classname="Selenium.InvocationTest"/>
  <system-out/>
  <testcase name="Test3" time="0.002" classname="Selenium.InvocationTest"/>
  <system-out/>
</testsuite> <!-- Selenium.InvocationTest -->
